<?xml version="1.0" encoding="utf-8"?><testsuites name="pytest tests"><testsuite name="pytest" errors="0" failures="0" skipped="0" tests="13" time="2.540" timestamp="2026-01-31T20:38:35.899786+00:00" hostname="agent-env-f1c14451-a4ac-41f5-8515-740d8530a883"><testcase classname="backend.tests.test_bom_measurements.TestMaterialsLibraryForBOM" name="test_get_materials_list" time="0.371" /><testcase classname="backend.tests.test_bom_measurements.TestMaterialsLibraryForBOM" name="test_create_material_with_unit_price" time="0.074" /><testcase classname="backend.tests.test_bom_measurements.TestSizesLibraryForMeasurements" name="test_get_sizes_list" time="0.040" /><testcase classname="backend.tests.test_bom_measurements.TestSizesLibraryForMeasurements" name="test_create_size_for_measurements" time="0.070" /><testcase classname="backend.tests.test_bom_measurements.TestAssetBOM" name="test_create_asset_with_bom" time="0.134" /><testcase classname="backend.tests.test_bom_measurements.TestAssetBOM" name="test_update_asset_bom" time="0.207" /><testcase classname="backend.tests.test_bom_measurements.TestAssetMeasurements" name="test_create_asset_with_measurements" time="0.150" /><testcase classname="backend.tests.test_bom_measurements.TestAssetMeasurements" name="test_update_asset_measurements" time="0.256" /><testcase classname="backend.tests.test_bom_measurements.TestProductBOM" name="test_create_product_with_bom" time="0.185" /><testcase classname="backend.tests.test_bom_measurements.TestProductBOM" name="test_update_product_bom" time="0.214" /><testcase classname="backend.tests.test_bom_measurements.TestProductMeasurements" name="test_create_product_with_measurements" time="0.154" /><testcase classname="backend.tests.test_bom_measurements.TestProductMeasurements" name="test_update_product_measurements" time="0.225" /><testcase classname="backend.tests.test_bom_measurements.TestAssetToProductConversionWithBOMAndMeasurements" name="test_convert_asset_preserves_bom_and_measurements" time="0.330" /></testsuite></testsuites>