<?xml version="1.0" encoding="utf-8"?><testsuites name="pytest tests"><testsuite name="pytest" errors="0" failures="0" skipped="0" tests="23" time="2.330" timestamp="2026-01-31T21:05:19.250628+00:00" hostname="agent-env-f1c14451-a4ac-41f5-8515-740d8530a883"><testcase classname="backend.tests.test_pom_code_config.TestPOMLibrary" name="test_get_pom_list" time="0.334" /><testcase classname="backend.tests.test_pom_code_config.TestPOMLibrary" name="test_create_pom_basic" time="0.052" /><testcase classname="backend.tests.test_pom_code_config.TestPOMLibrary" name="test_create_pom_different_categories" time="0.117" /><testcase classname="backend.tests.test_pom_code_config.TestPOMLibrary" name="test_get_pom_list_after_create" time="0.039" /><testcase classname="backend.tests.test_pom_code_config.TestPOMLibrary" name="test_update_pom" time="0.036" /><testcase classname="backend.tests.test_pom_code_config.TestPOMLibrary" name="test_delete_pom" time="0.159" /><testcase classname="backend.tests.test_pom_code_config.TestPOMLibrary" name="test_verify_pom_deleted" time="0.034" /><testcase classname="backend.tests.test_pom_code_config.TestCodeConfiguration" name="test_get_all_code_configs" time="0.302" /><testcase classname="backend.tests.test_pom_code_config.TestCodeConfiguration" name="test_get_code_config_asset" time="0.037" /><testcase classname="backend.tests.test_pom_code_config.TestCodeConfiguration" name="test_get_code_config_product" time="0.038" /><testcase classname="backend.tests.test_pom_code_config.TestCodeConfiguration" name="test_get_code_config_material" time="0.036" /><testcase classname="backend.tests.test_pom_code_config.TestCodeConfiguration" name="test_get_code_config_color" time="0.037" /><testcase classname="backend.tests.test_pom_code_config.TestCodeConfiguration" name="test_create_update_code_config" time="0.051" /><testcase classname="backend.tests.test_pom_code_config.TestCodeConfiguration" name="test_update_code_config_different_settings" time="0.034" /><testcase classname="backend.tests.test_pom_code_config.TestCodeConfiguration" name="test_generate_code_asset" time="0.035" /><testcase classname="backend.tests.test_pom_code_config.TestCodeConfiguration" name="test_generate_code_product" time="0.038" /><testcase classname="backend.tests.test_pom_code_config.TestCodeConfiguration" name="test_generate_code_increments_sequence" time="0.110" /><testcase classname="backend.tests.test_pom_code_config.TestCodeConfiguration" name="test_code_config_with_date_format" time="0.072" /><testcase classname="backend.tests.test_pom_code_config.TestPOMIntegration" name="test_create_pom_for_integration" time="0.331" /><testcase classname="backend.tests.test_pom_code_config.TestPOMIntegration" name="test_create_size_for_integration" time="0.067" /><testcase classname="backend.tests.test_pom_code_config.TestPOMIntegration" name="test_create_asset_with_measurements" time="0.035" /><testcase classname="backend.tests.test_pom_code_config.TestPOMIntegration" name="test_verify_asset_measurements_persisted" time="0.040" /><testcase classname="backend.tests.test_pom_code_config.TestPOMIntegration" name="test_cleanup_integration_data" time="0.172" /></testsuite></testsuites>