<?xml version="1.0" encoding="utf-8"?><testsuites name="pytest tests"><testsuite name="pytest" errors="0" failures="0" skipped="0" tests="30" time="2.779" timestamp="2026-01-31T20:06:20.425611+00:00" hostname="agent-env-f1c14451-a4ac-41f5-8515-740d8530a883"><testcase classname="backend.tests.test_api.TestAuth" name="test_login_success" time="0.292" /><testcase classname="backend.tests.test_api.TestAuth" name="test_login_invalid_credentials" time="0.038" /><testcase classname="backend.tests.test_api.TestAuth" name="test_register_duplicate_email" time="0.045" /><testcase classname="backend.tests.test_api.TestAuth" name="test_auth_me_with_token" time="0.306" /><testcase classname="backend.tests.test_api.TestAuth" name="test_auth_me_without_token" time="0.036" /><testcase classname="backend.tests.test_api.TestDashboard" name="test_dashboard_stats" time="0.040" /><testcase classname="backend.tests.test_api.TestDashboard" name="test_dashboard_stats_unauthorized" time="0.040" /><testcase classname="backend.tests.test_api.TestAssets" name="test_get_assets_list" time="0.039" /><testcase classname="backend.tests.test_api.TestAssets" name="test_create_asset" time="0.044" /><testcase classname="backend.tests.test_api.TestAssets" name="test_get_asset_by_id" time="0.107" /><testcase classname="backend.tests.test_api.TestAssets" name="test_update_asset" time="0.127" /><testcase classname="backend.tests.test_api.TestAssets" name="test_delete_asset" time="0.193" /><testcase classname="backend.tests.test_api.TestAssets" name="test_assets_unauthorized" time="0.035" /><testcase classname="backend.tests.test_api.TestProducts" name="test_get_products_list" time="0.035" /><testcase classname="backend.tests.test_api.TestProducts" name="test_create_product" time="0.049" /><testcase classname="backend.tests.test_api.TestProducts" name="test_get_product_by_id" time="0.107" /><testcase classname="backend.tests.test_api.TestProducts" name="test_update_product" time="0.150" /><testcase classname="backend.tests.test_api.TestProducts" name="test_delete_product" time="0.145" /><testcase classname="backend.tests.test_api.TestMaterials" name="test_get_materials_list" time="0.034" /><testcase classname="backend.tests.test_api.TestMaterials" name="test_create_material" time="0.046" /><testcase classname="backend.tests.test_api.TestMaterials" name="test_get_material_by_id" time="0.110" /><testcase classname="backend.tests.test_api.TestAssetToProductConversion" name="test_convert_asset_to_product" time="0.146" /><testcase classname="backend.tests.test_api.TestColorsLibrary" name="test_get_colors_list" time="0.035" /><testcase classname="backend.tests.test_api.TestColorsLibrary" name="test_create_color" time="0.084" /><testcase classname="backend.tests.test_api.TestSizesLibrary" name="test_get_sizes_list" time="0.037" /><testcase classname="backend.tests.test_api.TestSizesLibrary" name="test_create_size" time="0.081" /><testcase classname="backend.tests.test_api.TestSuppliersLibrary" name="test_get_suppliers_list" time="0.034" /><testcase classname="backend.tests.test_api.TestSuppliersLibrary" name="test_create_supplier" time="0.086" /><testcase classname="backend.tests.test_api.TestBuyersLibrary" name="test_get_buyers_list" time="0.038" /><testcase classname="backend.tests.test_api.TestBuyersLibrary" name="test_create_buyer" time="0.079" /></testsuite></testsuites>